<?xml version="1.0" encoding="utf-8"?><testsuites name="pytest tests"><testsuite name="pytest" errors="0" failures="0" skipped="0" tests="7" time="1.342" timestamp="2026-04-24T17:23:06.714068+00:00" hostname="agent-env-3a87141d-3efe-4529-9440-4d4fd284ff26"><testcase classname="backend.tests.backend_test.TestRoot" name="test_root_welcome" time="0.261" /><testcase classname="backend.tests.backend_test.TestReservations" name="test_create_reservation_with_phone" time="0.162" /><testcase classname="backend.tests.backend_test.TestReservations" name="test_create_reservation_with_email_only" time="0.107" /><testcase classname="backend.tests.backend_test.TestReservations" name="test_reject_without_phone_and_email" time="0.190" /><testcase classname="backend.tests.backend_test.TestReservations" name="test_reject_invalid_people_low" time="0.192" /><testcase classname="backend.tests.backend_test.TestReservations" name="test_reject_invalid_people_high" time="0.118" /><testcase classname="backend.tests.backend_test.TestReservations" name="test_list_reservations_no_mongo_id" time="0.152" /></testsuite></testsuites>